<?xml version="1.0" encoding="UTF-8"?>
<!-- Generated by org.testng.reporters.JUnitReportReporter -->
<testsuite skipped="0" hostname="DESKTOP-NC448AT" name="org.sampl.TestSample2" tests="3" failures="0" timestamp="19 Jun 2021 15:21:31 GMT" time="27.768" errors="0">
  <testcase name="tc0" time="11.187" classname="org.sampl.TestSample2"/>
  <testcase name="tc0" time="8.588" classname="org.sampl.TestSample2"/>
  <testcase name="tc0" time="7.993" classname="org.sampl.TestSample2"/>
</testsuite> <!-- org.sampl.TestSample2 -->
