<?xml version="1.0" encoding="UTF-8"?>
<!-- Generated by org.testng.reporters.JUnitReportReporter -->
<testsuite skipped="0" hostname="DESKTOP-NC448AT" name="org.test.ng.DataProvider" tests="3" failures="0" timestamp="19 Jun 2021 15:16:52 GMT" time="27.949" errors="0">
  <testcase name="tc0" time="8.492" classname="org.test.ng.DataProvider"/>
  <testcase name="tc0" time="8.875" classname="org.test.ng.DataProvider"/>
  <testcase name="tc0" time="10.582" classname="org.test.ng.DataProvider"/>
</testsuite> <!-- org.test.ng.DataProvider -->
