<?xml version="1.0" encoding="UTF-8"?>
<!-- Generated by org.testng.reporters.JUnitReportReporter -->
<testsuite skipped="0" hostname="DESKTOP-NC448AT" name="org.sampl.TestSample1" tests="1" failures="0" timestamp="19 Jun 2021 15:38:39 GMT" time="9.673" errors="0">
  <testcase name="tc1" time="9.673" classname="org.sampl.TestSample1"/>
</testsuite> <!-- org.sampl.TestSample1 -->
