<?xml version="1.0" encoding="UTF-8"?>
<!-- Generated by org.testng.reporters.JUnitReportReporter -->
<testsuite skipped="0" hostname="DESKTOP-NC448AT" name="org.test.ng.Testng" tests="4" failures="0" timestamp="25 Jun 2021 13:13:17 GMT" time="0.048" errors="0">
  <testcase name="tc3" time="0.008" classname="org.test.ng.Testng"/>
  <testcase name="tc1" time="0.000" classname="org.test.ng.Testng"/>
  <testcase name="tc0" time="0.032" classname="org.test.ng.Testng"/>
  <testcase name="tc2" time="0.008" classname="org.test.ng.Testng"/>
</testsuite> <!-- org.test.ng.Testng -->
