<?xml version="1.0" encoding="UTF-8"?>
<!-- Generated by org.testng.reporters.JUnitReportReporter -->
<testsuite skipped="0" hostname="DESKTOP-NC448AT" name="org.test.ng.Parallel" tests="3" failures="0" timestamp="20 Jun 2021 15:17:52 GMT" time="0.075" errors="0">
  <testcase name="tc0" time="0.030" classname="org.test.ng.Parallel"/>
  <testcase name="tc1" time="0.022" classname="org.test.ng.Parallel"/>
  <testcase name="tc2" time="0.023" classname="org.test.ng.Parallel"/>
</testsuite> <!-- org.test.ng.Parallel -->
