<?xml version="1.0" encoding="UTF-8"?>
<!-- Generated by org.testng.reporters.JUnitReportReporter -->
<testsuite skipped="0" hostname="DESKTOP-NC448AT" name="org.sampl.TestSample3" tests="3" failures="0" timestamp="15 Jun 2021 15:04:26 GMT" time="0.000" errors="0">
  <testcase name="tc21" time="0.000" classname="org.sampl.TestSample3"/>
  <testcase name="tc20" time="0.000" classname="org.sampl.TestSample3"/>
  <testcase name="tc22" time="0.000" classname="org.sampl.TestSample3"/>
</testsuite> <!-- org.sampl.TestSample3 -->
