<?xml version="1.0" encoding="UTF-8"?>
<!-- Generated by org.testng.reporters.JUnitReportReporter -->
<testsuite skipped="0" hostname="DESKTOP-NC448AT" name="org.testng.parallel.TestSample3" tests="3" failures="0" timestamp="21 Jun 2021 15:30:27 GMT" time="0.018" errors="0">
  <testcase name="tc2" time="0.009" classname="org.testng.parallel.TestSample3"/>
  <testcase name="tc1" time="0.007" classname="org.testng.parallel.TestSample3"/>
  <testcase name="tc3" time="0.002" classname="org.testng.parallel.TestSample3"/>
</testsuite> <!-- org.testng.parallel.TestSample3 -->
